<?xml version="1.0" encoding="UTF-8"?>
<testsuite xmlns:xsi="http://www.w3.org/2001/XMLSchema-instance" xsi:noNamespaceSchemaLocation="https://maven.apache.org/surefire/maven-surefire-plugin/xsd/surefire-test-report-3.0.xsd" version="3.0" name="skopanko.projectmanagerapi.ProjectManagerApiApplicationTests" time="6.172" tests="1" errors="0" skipped="0" failures="0">
  <properties>
[...]
</properties>
  <testcase name="contextLoads" classname="skopanko.projectmanagerapi.ProjectManagerApiApplicationTests" time="0.407">
    <system-out><![CDATA[14:55:43.591 [main] INFO org.springframework.test.context.support.AnnotationConfigContextLoaderUtils -- Could not detect default configuration classes for test class [skopanko.projectmanagerapi.ProjectManagerApiApplicationTests]: ProjectManagerApiApplicationTests does not declare any static, non-private, non-final, nested classes annotated with @Configuration.
14:55:43.672 [main] INFO org.springframework.boot.test.context.SpringBootTestContextBootstrapper -- Found @SpringBootConfiguration skopanko.projectmanagerapi.ProjectManagerApiApplication for test class skopanko.projectmanagerapi.ProjectManagerApiApplicationTests

  .   ____          _            __ _ _
 /\\ / ___'_ __ _ _(_)_ __  __ _ \ \ \ \
( ( )\___ | '_ | '_| | '_ \/ _` | \ \ \ \
 \\/  ___)| |_)| | | | | || (_| |  ) ) ) )
  '  |____| .__|_| |_|_| |_\__, | / / / /
 =========|_|==============|___/=/_/_/_/
 :: Spring Boot ::                (v3.2.5)

2024-07-22T14:55:44.042+02:00  INFO 15768 --- [           main] s.p.ProjectManagerApiApplicationTests    : Starting ProjectManagerApiApplicationTests using Java 22.0.1 with PID 15768 (started by chleb in C:\Users\chleb\Desktop\ProjectManagerApi)
2024-07-22T14:55:44.043+02:00  INFO 15768 --- [           main] s.p.ProjectManagerApiApplicationTests    : No active profile set, falling back to 1 default profile: "default"
2024-07-22T14:55:44.667+02:00  INFO 15768 --- [           main] .s.d.r.c.RepositoryConfigurationDelegate : Bootstrapping Spring Data JPA repositories in DEFAULT mode.
2024-07-22T14:55:44.709+02:00  INFO 15768 --- [           main] .s.d.r.c.RepositoryConfigurationDelegate : Finished Spring Data repository scanning in 36 ms. Found 3 JPA repository interfaces.
2024-07-22T14:55:45.191+02:00  INFO 15768 --- [           main] o.hibernate.jpa.internal.util.LogHelper  : HHH000204: Processing PersistenceUnitInfo [name: default]
2024-07-22T14:55:45.237+02:00  INFO 15768 --- [           main] org.hibernate.Version                    : HHH000412: Hibernate ORM core version 6.4.4.Final
2024-07-22T14:55:45.262+02:00  INFO 15768 --- [           main] o.h.c.internal.RegionFactoryInitiator    : HHH000026: Second-level cache disabled
2024-07-22T14:55:45.465+02:00  INFO 15768 --- [           main] o.s.o.j.p.SpringPersistenceUnitInfo      : No LoadTimeWeaver setup: ignoring JPA class transformer
2024-07-22T14:55:45.493+02:00  INFO 15768 --- [           main] com.zaxxer.hikari.HikariDataSource       : HikariPool-1 - Starting...
2024-07-22T14:55:45.780+02:00  INFO 15768 --- [           main] com.zaxxer.hikari.pool.HikariPool        : HikariPool-1 - Added connection org.postgresql.jdbc.PgConnection@3bab95ca
2024-07-22T14:55:45.783+02:00  INFO 15768 --- [           main] com.zaxxer.hikari.HikariDataSource       : HikariPool-1 - Start completed.
2024-07-22T14:55:45.818+02:00  WARN 15768 --- [           main] org.hibernate.orm.deprecation            : HHH90000025: PostgreSQLDialect does not need to be specified explicitly using 'hibernate.dialect' (remove the property setting and it will be selected by default)
2024-07-22T14:55:46.565+02:00  INFO 15768 --- [           main] o.h.e.t.j.p.i.JtaPlatformInitiator       : HHH000489: No JTA platform available (set 'hibernate.transaction.jta.platform' to enable JTA platform integration)
2024-07-22T14:55:46.638+02:00  INFO 15768 --- [           main] j.LocalContainerEntityManagerFactoryBean : Initialized JPA EntityManagerFactory for persistence unit 'default'
2024-07-22T14:55:46.856+02:00  INFO 15768 --- [           main] o.s.d.j.r.query.QueryEnhancerFactory     : Hibernate is in classpath; If applicable, HQL parser will be used.
2024-07-22T14:55:47.369+02:00  WARN 15768 --- [           main] JpaBaseConfiguration$JpaWebConfiguration : spring.jpa.open-in-view is enabled by default. Therefore, database queries may be performed during view rendering. Explicitly configure spring.jpa.open-in-view to disable this warning
2024-07-22T14:55:47.499+02:00 DEBUG 15768 --- [           main] swordEncoderAuthenticationManagerBuilder : No authenticationProviders and no parentAuthenticationManager defined. Returning null.
2024-07-22T14:55:48.447+02:00  INFO 15768 --- [           main] o.s.s.web.DefaultSecurityFilterChain     : Will secure any request with [org.springframework.security.web.session.DisableEncodeUrlFilter@47b6f580, org.springframework.security.web.context.request.async.WebAsyncManagerIntegrationFilter@5eb054, org.springframework.security.web.context.SecurityContextHolderFilter@26c75b91, org.springframework.security.web.header.HeaderWriterFilter@28068327, org.springframework.web.filter.CorsFilter@34d08905, org.springframework.security.web.authentication.logout.LogoutFilter@2008dfa7, org.springframework.security.web.authentication.www.BasicAuthenticationFilter@c3972d0, org.springframework.security.web.savedrequest.RequestCacheAwareFilter@667ce5fa, org.springframework.security.web.servletapi.SecurityContextHolderAwareRequestFilter@2298af09, org.springframework.security.web.authentication.AnonymousAuthenticationFilter@57421698, org.springframework.security.web.access.ExceptionTranslationFilter@1f6af096, org.springframework.security.web.access.intercept.AuthorizationFilter@7e7f72]
2024-07-22T14:55:48.813+02:00  WARN 15768 --- [           main] ion$DefaultTemplateResolverConfiguration : Cannot find template location: classpath:/templates/ (please add some templates, check your Thymeleaf configuration, or set spring.thymeleaf.check-template-location=false)
2024-07-22T14:55:49.223+02:00  INFO 15768 --- [           main] s.p.ProjectManagerApiApplicationTests    : Started ProjectManagerApiApplicationTests in 5.432 seconds (process running for 6.255)
]]></system-out>
    <system-err><![CDATA[WARNING: A Java agent has been loaded dynamically (C:\Users\chleb\.m2\repository\net\bytebuddy\byte-buddy-agent\1.14.13\byte-buddy-agent-1.14.13.jar)
WARNING: If a serviceability tool is in use, please run with -XX:+EnableDynamicAgentLoading to hide this warning
WARNING: If a serviceability tool is not in use, please run with -Djdk.instrument.traceUsage for more information
WARNING: Dynamic loading of agents will be disallowed by default in a future release
]]></system-err>
  </testcase>
</testsuite>